<?xml version="1.0" encoding="UTF-8"?>
<testng-results ignored="0" total="2" passed="2" failed="0" skipped="0">
  <reporter-output>
  </reporter-output>
  <suite started-at="2024-06-24T16:17:07 MSK" name="org.example.FactorialTest" finished-at="2024-06-24T16:17:07 MSK" duration-ms="94">
    <groups>
    </groups>
    <test started-at="2024-06-24T16:17:07 MSK" name="Command line test" finished-at="2024-06-24T16:17:07 MSK" duration-ms="94">
      <class name="org.example.FactorialTest">
        <test-method signature="getFactorialNegativeNumberTest()[pri:0, instance:org.example.FactorialTest@4d1c00d0]" started-at="2024-06-24T16:17:07 MSK" name="getFactorialNegativeNumberTest" finished-at="2024-06-24T16:17:07 MSK" duration-ms="12" status="PASS">
          <reporter-output>
          </reporter-output>
        </test-method> <!-- getFactorialNegativeNumberTest -->
        <test-method signature="getFactorialPositiveNumberTest()[pri:0, instance:org.example.FactorialTest@4d1c00d0]" started-at="2024-06-24T16:17:07 MSK" name="getFactorialPositiveNumberTest" finished-at="2024-06-24T16:17:07 MSK" duration-ms="10" status="PASS">
          <reporter-output>
          </reporter-output>
        </test-method> <!-- getFactorialPositiveNumberTest -->
      </class> <!-- org.example.FactorialTest -->
    </test> <!-- Command line test -->
  </suite> <!-- org.example.FactorialTest -->
</testng-results>
