<?xml version="1.0" encoding="UTF-8"?>
<testsuite xmlns:xsi="http://www.w3.org/2001/XMLSchema-instance" xsi:noNamespaceSchemaLocation="https://maven.apache.org/surefire/maven-surefire-plugin/xsd/surefire-test-report-3.0.xsd" version="3.0" name="org.example.FactorialTest" time="0.082" tests="2" errors="0" skipped="0" failures="0">
  <properties>
[...]
</properties>
  <testcase name="getFactorialNegativeNumberTest" classname="org.example.FactorialTest" time="0.04">
    <system-out><![CDATA[-5 — недопустимое значение.
]]></system-out>
  </testcase>
  <testcase name="getFactorialPositiveNumberTest" classname="org.example.FactorialTest" time="0.012">
    <system-out><![CDATA[5! = 120.
]]></system-out>
  </testcase>
</testsuite>