<?xml version="1.0" encoding="UTF-8"?>
<!-- Generated by org.testng.reporters.JUnitXMLReporter -->
<testsuite ignored="0" hostname="DESKTOP-HB8VVVV" failures="0" tests="2" name="Command line test" time="0.094" errors="0" timestamp="2024-06-24T16:17:07 MSK">
  <testcase classname="org.example.FactorialTest" name="getFactorialNegativeNumberTest" time="0.012"/>
  <testcase classname="org.example.FactorialTest" name="getFactorialPositiveNumberTest" time="0.01"/>
</testsuite> <!-- Command line test -->
